<?xml version="1.0" encoding="UTF-8"?>
<!-- Generated by org.testng.reporters.JUnitReportReporter -->
<testsuite hostname="water7878778-All-Series" failures="0" tests="5" name="ordering.ContractVerifierTest" time="3.330" errors="0" timestamp="24 Apr 2020 01:04:12 GMT">
  <testcase classname="ordering.ContractVerifierTest" name="validate_newGroceryOrdering" time="2.352"/>
  <testcase classname="ordering.ContractVerifierTest" name="validate_validate_prime_number" time="0.085"/>
  <testcase classname="ordering.ContractVerifierTest" name="validate_getMovieFromOrderList" time="0.585"/>
  <testcase classname="ordering.ContractVerifierTest" name="validate_newMovieOrdering" time="0.209"/>
  <testcase classname="ordering.ContractVerifierTest" name="validate_getGroceryFromOrderList" time="0.099"/>
</testsuite> <!-- ordering.ContractVerifierTest -->
