<?xml version="1.0" encoding="UTF-8"?>
<!-- Generated by org.testng.reporters.JUnitReportReporter -->
<testsuite hostname="water7878778-All-Series" failures="0" tests="5" name="ordering.ContractVerifierTest" time="1.367" errors="0" timestamp="9 Apr 2020 10:26:46 GMT">
  <testcase classname="ordering.ContractVerifierTest" name="validate_validate_prime_number" time="0.019"/>
  <testcase classname="ordering.ContractVerifierTest" name="validate_getMovieFromOrderList" time="0.323"/>
  <testcase classname="ordering.ContractVerifierTest" name="validate_newMovieOrdering" time="0.046"/>
  <testcase classname="ordering.ContractVerifierTest" name="validate_newGroceryOrdering" time="0.935"/>
  <testcase classname="ordering.ContractVerifierTest" name="validate_getGroceryFromOrderList" time="0.044"/>
</testsuite> <!-- ordering.ContractVerifierTest -->
