<?xml version="1.0" encoding="UTF-8"?>
<!-- Generated by org.testng.reporters.JUnitReportReporter -->
<testsuite hostname="water7878778-All-Series" failures="0" tests="5" name="ordering.ContractVerifierTest" time="2.556" errors="0" timestamp="23 Apr 2020 08:31:16 GMT">
  <testcase classname="ordering.ContractVerifierTest" name="validate_getMovieFromOrderList" time="0.489"/>
  <testcase classname="ordering.ContractVerifierTest" name="validate_newMovieOrdering" time="0.147"/>
  <testcase classname="ordering.ContractVerifierTest" name="validate_getGroceryFromOrderList" time="0.114"/>
  <testcase classname="ordering.ContractVerifierTest" name="validate_newGroceryOrdering" time="1.770"/>
  <testcase classname="ordering.ContractVerifierTest" name="validate_validate_prime_number" time="0.036"/>
</testsuite> <!-- ordering.ContractVerifierTest -->
