<?xml version="1.0" encoding="UTF-8"?>
<!-- Generated by org.testng.reporters.JUnitReportReporter -->
<testsuite hostname="water7878778-All-Series" failures="0" tests="1" name="ordering.OrderingApplicationTests" time="0.005" errors="0" timestamp="23 Apr 2020 08:31:16 GMT">
  <testcase classname="ordering.OrderingApplicationTests" name="testIndex" time="0.005"/>
</testsuite> <!-- ordering.OrderingApplicationTests -->
