<?xml version="1.0" encoding="UTF-8"?>
<!-- Generated by org.testng.reporters.JUnitReportReporter -->
<testsuite hostname="water7878778-All-Series" failures="0" tests="2" name="ordering.OrderingApplicationTests" time="0.012" errors="0" timestamp="9 Apr 2020 10:26:46 GMT">
  <testcase classname="ordering.OrderingApplicationTests" name="testIndex" time="0.005"/>
  <testcase classname="ordering.OrderingApplicationTests" name="givenFileName_whenUsingIOUtils_thenFileData" time="0.007"/>
</testsuite> <!-- ordering.OrderingApplicationTests -->
